  Scanning sources for module dependencies...
  Pacman.cpp
C:\Users\natalie\Downloads\my_projects\Pacman\include\SFML\System\Exception.hpp(41,47): warning C4275: non dll-interface class 'std::runtime_error' used as base for dll-interface class 'sf::Exception'
  (compiling source file 'Pacman.cpp')
      C:\Program Files\Microsoft Visual Studio\2022\Community\VC\Tools\MSVC\14.42.34433\include\stdexcept(100,19):
      see declaration of 'std::runtime_error'
      C:\Users\natalie\Downloads\my_projects\Pacman\include\SFML\System\Exception.hpp(41,23):
      see declaration of 'sf::Exception'
  
C:\Users\natalie\Downloads\my_projects\Pacman\Pacman\Pacman.cpp(54,24): warning C4244: 'initializing': conversion from 'T' to 'int', possible loss of data
C:\Users\natalie\Downloads\my_projects\Pacman\Pacman\Pacman.cpp(54,24): warning C4244:         with
C:\Users\natalie\Downloads\my_projects\Pacman\Pacman\Pacman.cpp(54,24): warning C4244:         [
C:\Users\natalie\Downloads\my_projects\Pacman\Pacman\Pacman.cpp(54,24): warning C4244:             T=float
C:\Users\natalie\Downloads\my_projects\Pacman\Pacman\Pacman.cpp(54,24): warning C4244:         ]
C:\Users\natalie\Downloads\my_projects\Pacman\Pacman\Pacman.cpp(55,21): warning C4244: 'initializing': conversion from 'T' to 'int', possible loss of data
C:\Users\natalie\Downloads\my_projects\Pacman\Pacman\Pacman.cpp(55,21): warning C4244:         with
C:\Users\natalie\Downloads\my_projects\Pacman\Pacman\Pacman.cpp(55,21): warning C4244:         [
C:\Users\natalie\Downloads\my_projects\Pacman\Pacman\Pacman.cpp(55,21): warning C4244:             T=float
C:\Users\natalie\Downloads\my_projects\Pacman\Pacman\Pacman.cpp(55,21): warning C4244:         ]
C:\Users\natalie\Downloads\my_projects\Pacman\Pacman\Pacman.cpp(98,14): warning C4244: '=': conversion from 'int' to 'float', possible loss of data
C:\Users\natalie\Downloads\my_projects\Pacman\Pacman\Pacman.cpp(99,11): warning C4244: '=': conversion from 'int' to 'float', possible loss of data
  Pacman.vcxproj -> C:\Users\natalie\Downloads\my_projects\Pacman\x64\Debug\Pacman.exe
