c:\users\natalie\downloads\my_projects\pacman\pacman\x64\debug\vc143.pdb
c:\users\natalie\downloads\my_projects\pacman\pacman\x64\debug\vc143.idb
c:\users\natalie\downloads\my_projects\pacman\pacman\x64\debug\pacman.obj
c:\users\natalie\downloads\my_projects\pacman\pacman\x64\debug\map.obj
c:\users\natalie\downloads\my_projects\pacman\pacman\x64\debug\ghosts.obj
c:\users\natalie\downloads\my_projects\pacman\pacman\x64\debug\game.obj
c:\users\natalie\downloads\my_projects\pacman\pacman\x64\debug\constants.h.ifc
c:\users\natalie\downloads\my_projects\pacman\pacman\x64\debug\constants.h.ifc.d.json
c:\users\natalie\downloads\my_projects\pacman\pacman\x64\debug\constants.h.obj
c:\users\natalie\downloads\my_projects\pacman\x64\debug\pacman.exe
c:\users\natalie\downloads\my_projects\pacman\x64\debug\pacman.pdb
c:\users\natalie\downloads\my_projects\pacman\pacman\x64\debug\constants.h.module.json
c:\users\natalie\downloads\my_projects\pacman\pacman\x64\debug\pacman.ilk
c:\users\natalie\downloads\my_projects\pacman\pacman\x64\debug\pacman.tlog\cl.command.1.tlog
c:\users\natalie\downloads\my_projects\pacman\pacman\x64\debug\pacman.tlog\cl.items.tlog
c:\users\natalie\downloads\my_projects\pacman\pacman\x64\debug\pacman.tlog\cl.read.1.tlog
c:\users\natalie\downloads\my_projects\pacman\pacman\x64\debug\pacman.tlog\cl.write.1.tlog
c:\users\natalie\downloads\my_projects\pacman\pacman\x64\debug\pacman.tlog\link.command.1.tlog
c:\users\natalie\downloads\my_projects\pacman\pacman\x64\debug\pacman.tlog\link.read.1.tlog
c:\users\natalie\downloads\my_projects\pacman\pacman\x64\debug\pacman.tlog\link.secondary.1.tlog
c:\users\natalie\downloads\my_projects\pacman\pacman\x64\debug\pacman.tlog\link.write.1.tlog
c:\users\natalie\downloads\my_projects\pacman\pacman\x64\debug\pacman_md.tlog\cl.command.1.tlog
c:\users\natalie\downloads\my_projects\pacman\pacman\x64\debug\pacman_md.tlog\microsoft.build.cpptasks.cl.read.1.tlog
c:\users\natalie\downloads\my_projects\pacman\pacman\x64\debug\pacman_md.tlog\microsoft.build.cpptasks.cl.write.1.tlog
